TagLib: Could not open file /home/alexa/Music/spotify:track:3PkzQ7hATu4qpfyZn4gH7U
TagLib: Could not open file /home/alexa/Music/youtube:video:vwfQSJMkoUk
TagLib: Could not open file /home/alexa/Music/youtube:video:oEbSw-zKA8s
TagLib: Could not open file /home/alexa/Music/spotify:track:0L4Ac4KZwreMgD3JyZd64y
Binding a socket failed: Address already in use
Binding a socket failed: Address already in use
Binding a socket failed: Address already in use
Binding a socket failed: Address already in use
Binding a socket failed: Address already in use
Binding a socket failed: Address already in use
Binding a socket failed: Address already in use
Binding a socket failed: Address already in use
Binding a socket failed: Address already in use
Binding a socket failed: Address already in use
Binding a socket failed: Address already in use
Binding a socket failed: Address already in use
Binding a socket failed: Address already in use
Binding a socket failed: Address already in use
Binding a socket failed: Address already in use
Binding a socket failed: Address already in use
Binding a socket failed: Address already in use
Binding a socket failed: Address already in use
Binding a socket failed: Address already in use
Binding a socket failed: Address already in use
Binding a socket failed: Address already in use
Binding a socket failed: Address already in use
